<?xml version="1.0" encoding="UTF-8"?>
<testsuite xmlns:xsi="http://www.w3.org/2001/XMLSchema-instance" xsi:schemaLocation="https://maven.apache.org/surefire/maven-surefire-plugin/xsd/surefire-test-report.xsd" name="TestSuite" time="107.506" tests="2" errors="0" skipped="0" failures="2">
  <properties>
[...]
</properties>
  <testcase name="googleCheeseExample" classname="demo.Demo1" time="51.04">
    <failure message="Unable to locate element: {&quot;method&quot;:&quot;id&quot;,&quot;selector&quot;:&quot;username&quot;}&#10;For documentation on this error, please visit: http://seleniumhq.org/exceptions/no_such_element.html&#10;Build info: version: &apos;2.53.1&apos;, revision: &apos;a36b8b1&apos;, time: &apos;2016-06-30 17:37:03&apos;&#10;System info: host: &apos;DESKTOP-EV0SBH1&apos;, ip: &apos;172.29.2.82&apos;, os.name: &apos;Windows 10&apos;, os.arch: &apos;amd64&apos;, os.version: &apos;10.0&apos;, java.version: &apos;1.8.0_102&apos;&#10;Driver info: driver.version: unknown&#10;Command duration or timeout: 283 milliseconds" type="org.openqa.selenium.NoSuchElementException">org.openqa.selenium.NoSuchElementException: 
Unable to locate element: {"method":"id","selector":"username"}
For documentation on this error, please visit: http://seleniumhq.org/exceptions/no_such_element.html
Build info: version: '2.53.1', revision: 'a36b8b1', time: '2016-06-30 17:37:03'
System info: host: 'DESKTOP-EV0SBH1', ip: '172.29.2.82', os.name: 'Windows 10', os.arch: 'amd64', os.version: '10.0', java.version: '1.8.0_102'
Driver info: driver.version: unknown
Command duration or timeout: 283 milliseconds
	at demo.Demo1.googleCheeseExample(Demo1.java:32)
Caused by: org.openqa.selenium.remote.ScreenshotException: Screen shot has been taken
	at demo.Demo1.googleCheeseExample(Demo1.java:32)
Caused by: org.openqa.selenium.NoSuchElementException: 
Unable to locate element: {"method":"id","selector":"username"}
For documentation on this error, please visit: http://seleniumhq.org/exceptions/no_such_element.html
Build info: version: '2.53.1', revision: 'a36b8b1', time: '2016-06-30 17:37:03'
System info: host: 'DESKTOP-EV0SBH1', ip: '172.29.2.82', os.name: 'Windows 10', os.arch: 'amd64', os.version: '10.0', java.version: '1.8.0_102'
Driver info: driver.version: unknown
For documentation on this error, please visit: http://seleniumhq.org/exceptions/no_such_element.html
Build info: version: '3.4.0', revision: 'unknown', time: 'unknown'
System info: host: 'DNNVU', ip: '169.254.140.181', os.name: 'Windows 7', os.arch: 'amd64', os.version: '6.1', java.version: '1.8.0_121'
Driver info: driver.version: unknown
</failure>
    <system-out><![CDATA[2017-05-23 16:14:18 [pool-2-thread-1] INFO  Log listener - Clear log
2017-05-23 16:14:18 [pool-2-thread-1] INFO  TestResultListener - Started test 'Demo1:googleCheeseExample'
Report is stored under: D:\Automation\automationFW\automationFW\workspace\SeleniumMaven/report/demo/firefox_20170523-0913
2017-05-23 16:14:18 [pool-2-thread-1] INFO  DriverFactory - Creating a new webdriver
**********2017-05-23 16:15:09 [pool-2-thread-1] INFO  DriverFactory - Using existing webdriver
2017-05-23 16:15:09 [pool-2-thread-1] INFO  ScreenshotListener - Created screenshot folder at D:\Automation\automationFW\automationFW\workspace\SeleniumMaven\report\demo\firefox_20170523-0913\screenshots
2017-05-23 16:15:09 [pool-2-thread-1] INFO  ScreenshotListener - Written screenshot to D:\Automation\automationFW\automationFW\workspace\SeleniumMaven/report/demo/firefox_20170523-0913\screenshots\googleCheeseExample_Demo1_firefox_46_WINDOWS_.png
]]></system-out>
    <system-err><![CDATA[May 23, 2017 4:14:32 PM org.openqa.selenium.remote.ProtocolHandshake createSession
INFO: Detected dialect: OSS
]]></system-err>
  </testcase>
  <testcase name="googleCheeseExample" classname="demo.Demo2" time="47.422">
    <failure message="Unable to locate element: {&quot;method&quot;:&quot;id&quot;,&quot;selector&quot;:&quot;username&quot;}&#10;For documentation on this error, please visit: http://seleniumhq.org/exceptions/no_such_element.html&#10;Build info: version: &apos;2.53.1&apos;, revision: &apos;a36b8b1&apos;, time: &apos;2016-06-30 17:37:03&apos;&#10;System info: host: &apos;win7-seleniumgr&apos;, ip: &apos;172.29.2.88&apos;, os.name: &apos;Windows 7&apos;, os.arch: &apos;amd64&apos;, os.version: &apos;6.1&apos;, java.version: &apos;1.8.0_101&apos;&#10;Driver info: driver.version: unknown&#10;Command duration or timeout: 148 milliseconds" type="org.openqa.selenium.NoSuchElementException">org.openqa.selenium.NoSuchElementException: 
Unable to locate element: {"method":"id","selector":"username"}
For documentation on this error, please visit: http://seleniumhq.org/exceptions/no_such_element.html
Build info: version: '2.53.1', revision: 'a36b8b1', time: '2016-06-30 17:37:03'
System info: host: 'win7-seleniumgr', ip: '172.29.2.88', os.name: 'Windows 7', os.arch: 'amd64', os.version: '6.1', java.version: '1.8.0_101'
Driver info: driver.version: unknown
Command duration or timeout: 148 milliseconds
	at demo.Demo2.googleCheeseExample(Demo2.java:32)
Caused by: org.openqa.selenium.remote.ScreenshotException: Screen shot has been taken
	at demo.Demo2.googleCheeseExample(Demo2.java:32)
Caused by: org.openqa.selenium.NoSuchElementException: 
Unable to locate element: {"method":"id","selector":"username"}
For documentation on this error, please visit: http://seleniumhq.org/exceptions/no_such_element.html
Build info: version: '2.53.1', revision: 'a36b8b1', time: '2016-06-30 17:37:03'
System info: host: 'win7-seleniumgr', ip: '172.29.2.88', os.name: 'Windows 7', os.arch: 'amd64', os.version: '6.1', java.version: '1.8.0_101'
Driver info: driver.version: unknown
For documentation on this error, please visit: http://seleniumhq.org/exceptions/no_such_element.html
Build info: version: '3.4.0', revision: 'unknown', time: 'unknown'
System info: host: 'DNNVU', ip: '169.254.140.181', os.name: 'Windows 7', os.arch: 'amd64', os.version: '6.1', java.version: '1.8.0_121'
Driver info: driver.version: unknown
</failure>
    <system-out><![CDATA[BROWSER:   FIREFOX
HERERERRERERERREE:     Demo1_googleCheeseExample
2017-05-23 16:15:13 [pool-2-thread-1] ERROR TestResultListener - Test 'Demo1:googleCheeseExample' FAILED
List: 1
2017-05-23 16:15:13 [pool-2-thread-1] INFO  Log listener - Clear log
2017-05-23 16:15:13 [pool-2-thread-1] INFO  TestResultListener - Started test 'Demo2:googleCheeseExample'
Report is stored under: D:\Automation\automationFW\automationFW\workspace\SeleniumMaven/report/demo/firefox_20170523-0913
2017-05-23 16:15:13 [pool-2-thread-1] INFO  DriverFactory - Creating a new webdriver
**********2017-05-23 16:16:00 [pool-2-thread-1] INFO  DriverFactory - Using existing webdriver
2017-05-23 16:16:00 [pool-2-thread-1] INFO  ScreenshotListener - Written screenshot to D:\Automation\automationFW\automationFW\workspace\SeleniumMaven/report/demo/firefox_20170523-0913\screenshots\googleCheeseExample_Demo2_firefox_46_WINDOWS_.png
]]></system-out>
    <system-err><![CDATA[May 23, 2017 4:15:24 PM org.openqa.selenium.remote.ProtocolHandshake createSession
INFO: Detected dialect: OSS
]]></system-err>
  </testcase>
</testsuite>