-------------------------------------------------------------------------------
Test set: TestSuite
-------------------------------------------------------------------------------
Tests run: 1, Failures: 1, Errors: 0, Skipped: 0, Time elapsed: 4.851 sec <<< FAILURE! - in TestSuite
API(restDemo.RestAPI)  Time elapsed: 1.437 sec  <<< FAILURE!
java.lang.NullPointerException

