<?xml version="1.0" encoding="UTF-8"?>
<testsuite xmlns:xsi="http://www.w3.org/2001/XMLSchema-instance" xsi:schemaLocation="https://maven.apache.org/surefire/maven-surefire-plugin/xsd/surefire-test-report.xsd" name="TestSuite" time="6.522" tests="2" errors="0" skipped="0" failures="1">
  <properties>
[...]
</properties>
  <testcase name="API" classname="restDemo.RestAPI" time="4.097"/>
  <testcase name="API" classname="restDemo.RestAPI" time="0.554">
    <failure message="expected [true] but found [false]" type="java.lang.AssertionError">java.lang.AssertionError: expected [true] but found [false]
	at restDemo.RestAPI.API(RestAPI.java:261)
</failure>
    <system-out><![CDATA[2017-05-12 15:01:06 [pool-2-thread-1] INFO  TestResultListener - Test 'RestAPI:API' PASSED
2017-05-12 15:01:06 [pool-2-thread-1] INFO  TestResultListener - Started test 'RestAPI:API'
2017-05-12 15:01:06 [pool-2-thread-1] INFO  API Test - *****************Start TC: 3*********************************
2017-05-12 15:01:06 [pool-2-thread-1] INFO  API Test - METHOD: GET
http://restcountries.eu/rest/v1/name/thailand
2017-05-12 15:01:06 [pool-2-thread-1] INFO  API Test - URL: http://restcountries.eu/rest/v1/name/thailand
2017-05-12 15:01:07 [pool-2-thread-1] INFO  API Test - RETURN: [{"name":"Thailand","topLevelDomain":[".th"],"alpha2Code":"TH","alpha3Code":"THA","callingCodes":["66"],"capital":"Bangkok","altSpellings":["TH","Prathet","Thai","Kingdom of Thailand","??????????????","Ratcha Anachak Thai"],"relevance":"0","region":"Asia","subregion":"South-Eastern Asia","population":65104000,"latlng":[15.0,100.0],"demonym":"Thai","area":513120.0,"gini":40.0,"timezones":["UTC+07:00"],"borders":["MMR","KHM","LAO","MYS"],"nativeName":"?????????","numericCode":"764","currencies":["THB"],"languages":["th"],"translations":{"de":"Thailand","es":"Tailandia","fr":"Thaïlande","ja":"??","it":"Tailandia"}}]
2017-05-12 15:01:07 [pool-2-thread-1] INFO  API Test - 200
2017-05-12 15:01:07 [pool-2-thread-1] INFO  API Test - Response contains : name
2017-05-12 15:01:07 [pool-2-thread-1] INFO  API Test - Response contains : capital
2017-05-12 15:01:07 [pool-2-thread-1] INFO  API Test - Response contains : region
2017-05-12 15:01:07 [pool-2-thread-1] ERROR API Test - Response doesn't contain : Hanoi
]]></system-out>
  </testcase>
</testsuite>