-------------------------------------------------------------------------------
Test set: TestSuite
-------------------------------------------------------------------------------
Tests run: 2, Failures: 1, Errors: 0, Skipped: 1, Time elapsed: 36.417 sec <<< FAILURE! - in TestSuite
googleCheeseExample(demo.Demo1)  Time elapsed: 15.468 sec  <<< FAILURE!
java.lang.AssertionError: expected [true] but found [false]
	at demo.Demo1.googleCheeseExample(Demo1.java:39)

