-------------------------------------------------------------------------------
Test set: TestSuite
-------------------------------------------------------------------------------
Tests run: 1, Failures: 1, Errors: 0, Skipped: 0, Time elapsed: 13.76 sec <<< FAILURE! - in TestSuite
googleCheeseExample(demo.Demo1)  Time elapsed: 8.495 sec  <<< FAILURE!
java.lang.AssertionError: expected [true] but found [false]
	at demo.Demo1.googleCheeseExample(Demo1.java:39)

