<?xml version="1.0" encoding="UTF-8"?>
<testng-results skipped="0" failed="0" total="1" passed="1">
  <reporter-output>
  </reporter-output>
  <suite name="demo suite" duration-ms="41321" started-at="2017-05-12T07:44:28Z" finished-at="2017-05-12T07:45:09Z">
    <groups>
    </groups>
    <test name="demo suite" duration-ms="41321" started-at="2017-05-12T07:44:28Z" finished-at="2017-05-12T07:45:09Z">
      <class name="demo.Demo1">
        <test-method status="PASS" signature="googleCheeseExample(int)[pri:0, instance:demo.Demo1@50b5ac82]" name="googleCheeseExample" duration-ms="40399" started-at="2017-05-12T14:44:28Z" finished-at="2017-05-12T14:45:08Z">
          <params>
            <param index="0">
              <value>
                <![CDATA[1]]>
              </value>
            </param>
          </params>
          <reporter-output>
          </reporter-output>
        </test-method> <!-- googleCheeseExample -->
        <test-method status="PASS" signature="clearCookies(java.lang.reflect.Method)[pri:0, instance:demo.Demo1@50b5ac82]" name="clearCookies" is-config="true" duration-ms="850" started-at="2017-05-12T14:45:08Z" finished-at="2017-05-12T14:45:09Z">
          <params>
            <param index="0">
              <value>
                <![CDATA[public void demo.Demo1.googleCheeseExample(int) throws java.lang.Exception]]>
              </value>
            </param>
          </params>
          <reporter-output>
          </reporter-output>
        </test-method> <!-- clearCookies -->
      </class> <!-- demo.Demo1 -->
    </test> <!-- demo suite -->
  </suite> <!-- demo suite -->
</testng-results>
