<?xml version="1.0" encoding="UTF-8"?>
<testsuite xmlns:xsi="http://www.w3.org/2001/XMLSchema-instance" xsi:schemaLocation="https://maven.apache.org/surefire/maven-surefire-plugin/xsd/surefire-test-report.xsd" name="TestSuite" time="130.592" tests="4" errors="0" skipped="2" failures="2">
  <properties>
[...]
</properties>
  <testcase name="googleCheeseExample" classname="demo.Demo1" time="125.757">
    <failure message="chrome not reachable&#10;  (Driver info: chromedriver=2.29.461591 (62ebf098771772160f391d75e589dc567915b233),platform=Windows NT 6.1.7601 SP1 x86_64) (WARNING: The server did not provide any stacktrace information)&#10;Command duration or timeout: 61.75 seconds&#10;Build info: version: &apos;3.4.0&apos;, revision: &apos;unknown&apos;, time: &apos;unknown&apos;&#10;System info: host: &apos;DNNVU&apos;, ip: &apos;169.254.140.181&apos;, os.name: &apos;Windows 7&apos;, os.arch: &apos;amd64&apos;, os.version: &apos;6.1&apos;, java.version: &apos;1.8.0_121&apos;&#10;Driver info: driver.version: ChromeDriver" type="org.openqa.selenium.WebDriverException">org.openqa.selenium.WebDriverException: 
chrome not reachable
  (Driver info: chromedriver=2.29.461591 (62ebf098771772160f391d75e589dc567915b233),platform=Windows NT 6.1.7601 SP1 x86_64) (WARNING: The server did not provide any stacktrace information)
Command duration or timeout: 61.75 seconds
Build info: version: '3.4.0', revision: 'unknown', time: 'unknown'
System info: host: 'DNNVU', ip: '169.254.140.181', os.name: 'Windows 7', os.arch: 'amd64', os.version: '6.1', java.version: '1.8.0_121'
Driver info: driver.version: ChromeDriver
	at demo.Demo1.googleCheeseExample(Demo1.java:28)
</failure>
    <system-out><![CDATA[2017-05-23 15:04:11 [pool-2-thread-1] INFO  Log listener - Clear log
2017-05-23 15:04:11 [pool-2-thread-1] INFO  TestResultListener - Started test 'Demo1:googleCheeseExample'
Report is stored under: D:\Automation\automationFW\automationFW\workspace\SeleniumMaven/report/demo/chrome_20170523-0802
2017-05-23 15:04:11 [pool-2-thread-1] INFO  DriverFactory - Creating a new webdriver
Proxy is enabled
2017-05-23 15:05:14 [pool-2-thread-1] INFO  DriverFactory - Creating a new webdriver
Proxy is enabled
2017-05-23 15:06:17 [pool-2-thread-1] ERROR ScreenshotListener - Unable to capture screenshot...
]]></system-out>
    <system-err><![CDATA[Starting ChromeDriver 2.29.461591 (62ebf098771772160f391d75e589dc567915b233) on port 35125
Only local connections are allowed.
Starting ChromeDriver 2.29.461591 (62ebf098771772160f391d75e589dc567915b233) on port 19567
Only local connections are allowed.
org.openqa.selenium.WebDriverException: chrome not reachable
  (Driver info: chromedriver=2.29.461591 (62ebf098771772160f391d75e589dc567915b233),platform=Windows NT 6.1.7601 SP1 x86_64) (WARNING: The server did not provide any stacktrace information)
Command duration or timeout: 61.66 seconds
Build info: version: '3.4.0', revision: 'unknown', time: 'unknown'
System info: host: 'DNNVU', ip: '169.254.140.181', os.name: 'Windows 7', os.arch: 'amd64', os.version: '6.1', java.version: '1.8.0_121'
Driver info: driver.version: ChromeDriver
	at sun.reflect.NativeConstructorAccessorImpl.newInstance0(Native Method)
	at sun.reflect.NativeConstructorAccessorImpl.newInstance(NativeConstructorAccessorImpl.java:62)
	at sun.reflect.DelegatingConstructorAccessorImpl.newInstance(DelegatingConstructorAccessorImpl.java:45)
	at java.lang.reflect.Constructor.newInstance(Constructor.java:423)
	at org.openqa.selenium.remote.ErrorHandler.createThrowable(ErrorHandler.java:215)
	at org.openqa.selenium.remote.ErrorHandler.throwIfResponseFailed(ErrorHandler.java:167)
	at org.openqa.selenium.remote.JsonWireProtocolResponse.lambda$new$0(JsonWireProtocolResponse.java:53)
	at org.openqa.selenium.remote.JsonWireProtocolResponse.lambda$getResponseFunction$2(JsonWireProtocolResponse.java:91)
	at org.openqa.selenium.remote.ProtocolHandshake.lambda$createSession$22(ProtocolHandshake.java:365)
	at java.util.stream.ReferencePipeline$3$1.accept(ReferencePipeline.java:193)
	at java.util.Spliterators$ArraySpliterator.tryAdvance(Spliterators.java:958)
	at java.util.stream.ReferencePipeline.forEachWithCancel(ReferencePipeline.java:126)
	at java.util.stream.AbstractPipeline.copyIntoWithCancel(AbstractPipeline.java:498)
	at java.util.stream.AbstractPipeline.copyInto(AbstractPipeline.java:485)
	at java.util.stream.AbstractPipeline.wrapAndCopyInto(AbstractPipeline.java:471)
	at java.util.stream.FindOps$FindOp.evaluateSequential(FindOps.java:152)
	at java.util.stream.AbstractPipeline.evaluate(AbstractPipeline.java:234)
	at java.util.stream.ReferencePipeline.findFirst(ReferencePipeline.java:464)
	at org.openqa.selenium.remote.ProtocolHandshake.createSession(ProtocolHandshake.java:368)
	at org.openqa.selenium.remote.ProtocolHandshake.createSession(ProtocolHandshake.java:159)
	at org.openqa.selenium.remote.HttpCommandExecutor.execute(HttpCommandExecutor.java:142)
	at org.openqa.selenium.remote.service.DriverCommandExecutor.execute(DriverCommandExecutor.java:82)
	at org.openqa.selenium.remote.RemoteWebDriver.execute(RemoteWebDriver.java:637)
	at org.openqa.selenium.remote.RemoteWebDriver.startSession(RemoteWebDriver.java:250)
	at org.openqa.selenium.remote.RemoteWebDriver.startSession(RemoteWebDriver.java:236)
	at org.openqa.selenium.remote.RemoteWebDriver.<init>(RemoteWebDriver.java:137)
	at org.openqa.selenium.chrome.ChromeDriver.<init>(ChromeDriver.java:184)
	at org.openqa.selenium.chrome.ChromeDriver.<init>(ChromeDriver.java:148)
	at automationCore.WebDriverThread.createLocalDriver(WebDriverThread.java:96)
	at automationCore.WebDriverThread.createDriver(WebDriverThread.java:114)
	at automationCore.DriverFactory.getDriver(DriverFactory.java:29)
	at automationCore.ScreenshotListenerUpdate.onTestFailure(ScreenshotListenerUpdate.java:59)
	at org.testng.internal.Invoker.runTestListeners(Invoker.java:1655)
	at org.testng.internal.Invoker.runTestListeners(Invoker.java:1639)
	at org.testng.internal.Invoker.invokeMethod(Invoker.java:703)
	at org.testng.internal.Invoker.invokeTestMethod(Invoker.java:811)
	at org.testng.internal.Invoker.invokeTestMethods(Invoker.java:1129)
	at org.testng.internal.TestMethodWorker.invokeTestMethods(TestMethodWorker.java:129)
	at org.testng.internal.TestMethodWorker.run(TestMethodWorker.java:112)
	at java.util.concurrent.ThreadPoolExecutor.runWorker(ThreadPoolExecutor.java:1142)
	at java.util.concurrent.ThreadPoolExecutor$Worker.run(ThreadPoolExecutor.java:617)
	at java.lang.Thread.run(Thread.java:745)
]]></system-err>
  </testcase>
  <testcase name="clearCookies" classname="demo.Demo1" time="129.294">
    <failure message="Index: 0, Size: 0" type="java.lang.IndexOutOfBoundsException">java.lang.IndexOutOfBoundsException: Index: 0, Size: 0
</failure>
    <system-out><![CDATA[BROWSER:   CHROME
HERERERRERERERREE:     Demo1_googleCheeseExample
2017-05-23 15:06:20 [pool-2-thread-1] ERROR TestResultListener - Test 'Demo1:googleCheeseExample' FAILED
List: 0
]]></system-out>
  </testcase>
  <testcase name="googleCheeseExample" classname="demo.Demo2" time="0">
    <skipped/>
    <system-out><![CDATA[2017-05-23 15:06:20 [pool-2-thread-1] INFO  Log listener - Clear log
2017-05-23 15:06:20 [pool-2-thread-1] INFO  TestResultListener - Started test 'Demo2:googleCheeseExample'
]]></system-out>
  </testcase>
  <testcase name="clearCookies" classname="demo.Demo2" time="0">
    <skipped/>
    <system-out><![CDATA[2017-05-23 15:06:20 [pool-2-thread-1] WARN  TestResultListener - Test 'Demo2:googleCheeseExample' SKIPPED
]]></system-out>
  </testcase>
</testsuite>