<?xml version="1.0" encoding="UTF-8"?>
<testng-results skipped="0" failed="0" total="1" passed="1">
  <reporter-output>
  </reporter-output>
  <suite name="demo suite" duration-ms="43548" started-at="2017-05-18T06:48:01Z" finished-at="2017-05-18T06:48:45Z">
    <groups>
    </groups>
    <test name="demo suite" duration-ms="43548" started-at="2017-05-18T06:48:01Z" finished-at="2017-05-18T06:48:45Z">
      <class name="demo.Demo1">
        <test-method status="PASS" signature="googleCheeseExample(int)[pri:0, instance:demo.Demo1@34f5090e]" name="googleCheeseExample" duration-ms="43448" started-at="2017-05-18T13:48:01Z" finished-at="2017-05-18T13:48:45Z">
          <params>
            <param index="0">
              <value>
                <![CDATA[1]]>
              </value>
            </param>
          </params>
          <reporter-output>
          </reporter-output>
        </test-method> <!-- googleCheeseExample -->
      </class> <!-- demo.Demo1 -->
    </test> <!-- demo suite -->
  </suite> <!-- demo suite -->
</testng-results>
